
> build
> next build

info  - Loaded env from /Users/falmata/Documents/Developer/NextjsProjects/GlobalFind/.env.local
Browserslist: caniuse-lite is outdated. Please run:
  npx browserslist@latest --update-db
  Why you should do it regularly: https://github.com/browserslist/browserslist#browsers-data-updating
info  - Checking validity of types...
warn  - No ESLint configuration detected. Run next lint to begin setup
info  - Creating an optimized production build...
Browserslist: caniuse-lite is outdated. Please run:
npx browserslist@latest --update-db

Why you should do it regularly:
https://github.com/browserslist/browserslist#browsers-data-updating
Browserslist: caniuse-lite is outdated. Please run:
  npx browserslist@latest --update-db
  Why you should do it regularly: https://github.com/browserslist/browserslist#browsers-data-updating

warn - You have enabled the JIT engine which is currently in preview.
warn - Preview features are not covered by semver, may introduce breaking changes, and can change at any time.
info  - Compiled successfully
info  - Collecting page data...
info  - Generating static pages (0/3)
info  - Generating static pages (3/3)
info  - Finalizing page optimization...

Page                                       Size     First Load JS
┌ ○ /                                      15.4 kB        86.5 kB
├   /_app                                  0 B              71 kB
├ ○ /404                                   194 B          71.2 kB
└ λ /api/countries                         0 B              71 kB
+ First Load JS shared by all              71 kB
  ├ chunks/framework-e70c6273bfe3f237.js   42 kB
  ├ chunks/main-01df828e572375b9.js        27.6 kB
  ├ chunks/pages/_app-967b92f167c9af30.js  523 B
  ├ chunks/webpack-9b312e20a4e32339.js     836 B
  └ css/01f3745eb0065384.css               1.95 kB

λ  (Server)  server-side renders at runtime (uses getInitialProps or getServerSideProps)
○  (Static)  automatically rendered as static HTML (uses no initial props)

